<?xml version="1.0" encoding="UTF-8"?>
<!-- Generated by org.testng.reporters.JUnitReportReporter -->
<testsuite hostname="LAPTOP-48176JFU" failures="0" tests="1" name="testngBasics.Learning_Group_Execution" time="0.014" errors="0" timestamp="2023-08-03T11:09:56 IST" skipped="0">
  <testcase classname="testngBasics.Learning_Group_Execution" name="register" time="0.014"/>
  <system-out/>
</testsuite> <!-- testngBasics.Learning_Group_Execution -->
