<?xml version="1.0" encoding="UTF-8"?>
<!-- Generated by org.testng.reporters.JUnitReportReporter -->
<testsuite hostname="LAPTOP-48176JFU" failures="0" tests="1" name="testngBasics.Learning_Configuration_Annotations" time="0.006" errors="0" timestamp="2023-08-02T17:27:07 IST" skipped="0">
  <testcase classname="testngBasics.Learning_Configuration_Annotations" name="testAnnotation" time="0.006"/>
  <system-out/>
</testsuite> <!-- testngBasics.Learning_Configuration_Annotations -->
