<?xml version="1.0" encoding="UTF-8"?>
<!-- Generated by org.testng.reporters.JUnitReportReporter -->
<testsuite hostname="LAPTOP-48176JFU" failures="0" tests="1" name="shopperstack.Working_with_AddToCart" time="10.050" errors="0" timestamp="2023-08-04T15:14:35 IST" skipped="0">
  <testcase classname="shopperstack.Working_with_AddToCart" name="wishlist_AddToCart" time="10.050"/>
  <system-out/>
</testsuite> <!-- shopperstack.Working_with_AddToCart -->
