<?xml version="1.0" encoding="UTF-8"?>
<!-- Generated by org.testng.reporters.JUnitReportReporter -->
<testsuite hostname="LAPTOP-48176JFU" failures="0" tests="1" name="testngBasics.LoginTest" time="1.860" errors="0" timestamp="2023-08-03T14:34:38 IST" skipped="0">
  <testcase classname="testngBasics.LoginTest" name="loginTestcase" time="1.860"/>
  <system-out/>
</testsuite> <!-- testngBasics.LoginTest -->
