<?xml version="1.0" encoding="UTF-8"?>
<!-- Generated by org.testng.reporters.JUnitReportReporter -->
<testsuite hostname="LAPTOP-48176JFU" failures="0" tests="2" name="frameworkTraining.LearningParallelExecution" time="17.417" errors="0" timestamp="2023-08-03T15:17:48 IST" skipped="0">
  <testcase classname="frameworkTraining.LearningParallelExecution" name="loginTestcase" time="8.399"/>
  <system-out/>
  <testcase classname="frameworkTraining.LearningParallelExecution" name="loginTestcase" time="9.018"/>
  <system-out/>
</testsuite> <!-- frameworkTraining.LearningParallelExecution -->
