<?xml version="1.0" encoding="UTF-8"?>
<!-- Generated by org.testng.reporters.JUnitReportReporter -->
<testsuite hostname="LAPTOP-48176JFU" failures="0" tests="1" name="testngBasics.RegisterTest" time="2.376" errors="0" timestamp="2023-08-03T14:34:38 IST" skipped="0">
  <testcase classname="testngBasics.RegisterTest" name="register" time="2.376"/>
  <system-out/>
</testsuite> <!-- testngBasics.RegisterTest -->
