<?xml version="1.0" encoding="UTF-8"?>
<!-- Generated by org.testng.reporters.JUnitReportReporter -->
<testsuite hostname="LAPTOP-48176JFU" failures="0" tests="2" name="testngBasics.Learning_Test_Annotation" time="0.003" errors="0" timestamp="2023-08-02T16:01:47 IST" skipped="0">
  <testcase classname="testngBasics.Learning_Test_Annotation" name="testCase1" time="0.001"/>
  <system-out/>
  <testcase classname="testngBasics.Learning_Test_Annotation" name="testCase2" time="0.002"/>
  <system-out/>
</testsuite> <!-- testngBasics.Learning_Test_Annotation -->
