<?xml version="1.0" encoding="UTF-8"?>
<!-- Generated by org.testng.reporters.JUnitReportReporter -->
<testsuite hostname="LAPTOP-48176JFU" failures="0" tests="1" name="shopperstack.Addtocart_Buytheproduct" time="9.126" errors="0" timestamp="2023-08-04T18:23:43 IST" skipped="0">
  <testcase classname="shopperstack.Addtocart_Buytheproduct" name="addtocart_Buynow" time="9.126"/>
  <system-out/>
</testsuite> <!-- shopperstack.Addtocart_Buytheproduct -->
