<?xml version="1.0" encoding="UTF-8"?>
<!-- Generated by org.testng.reporters.JUnitReportReporter -->
<testsuite hostname="LAPTOP-48176JFU" failures="0" tests="2" name="testngBasics.Learning_Group_Execution1" time="0.013" errors="0" timestamp="2023-08-03T11:04:35 IST" skipped="0">
  <testcase classname="testngBasics.Learning_Group_Execution1" name="checkOut" time="0.012"/>
  <system-out/>
  <testcase classname="testngBasics.Learning_Group_Execution1" name="searchBox" time="0.001"/>
  <system-out/>
</testsuite> <!-- testngBasics.Learning_Group_Execution1 -->
