<?xml version="1.0" encoding="UTF-8"?>
<!-- Generated by org.testng.reporters.JUnitReportReporter -->
<testsuite hostname="LAPTOP-48176JFU" failures="0" tests="1" name="shopperstack.Shopperstack_Endtoend_Scenarios" time="17.055" errors="0" timestamp="2023-08-05T09:16:30 IST" skipped="0">
  <testcase classname="shopperstack.Shopperstack_Endtoend_Scenarios" name="signup_Login_Logout" time="17.055"/>
  <system-out/>
</testsuite> <!-- shopperstack.Shopperstack_Endtoend_Scenarios -->
