<?xml version="1.0" encoding="UTF-8"?>
<!-- Generated by org.testng.reporters.JUnitReportReporter -->
<testsuite hostname="LAPTOP-48176JFU" failures="0" tests="5" name="testngBasics.Learning_priority" time="0.019" errors="0" timestamp="2023-08-03T12:03:36 IST" skipped="0">
  <testcase classname="testngBasics.Learning_priority" name="logIn" time="0.012"/>
  <system-out/>
  <testcase classname="testngBasics.Learning_priority" name="register" time="0.002"/>
  <system-out/>
  <testcase classname="testngBasics.Learning_priority" name="reviewProduct" time="0.002"/>
  <system-out/>
  <testcase classname="testngBasics.Learning_priority" name="WishLIst" time="0.001"/>
  <system-out/>
  <testcase classname="testngBasics.Learning_priority" name="addToCart" time="0.002"/>
  <system-out/>
</testsuite> <!-- testngBasics.Learning_priority -->
