<?xml version="1.0" encoding="UTF-8"?>
<!-- Generated by org.testng.reporters.JUnitReportReporter -->
<testsuite hostname="LAPTOP-48176JFU" failures="0" tests="2" name="frameworkTraining.LearningDataProvider" time="0.010" errors="0" timestamp="2023-08-03T15:53:28 IST" skipped="0">
  <testcase classname="frameworkTraining.LearningDataProvider" name="loginTest" time="0.010"/>
  <system-out/>
  <testcase classname="frameworkTraining.LearningDataProvider" name="loginTest" time="0.000"/>
  <system-out/>
</testsuite> <!-- frameworkTraining.LearningDataProvider -->
